2015-04-21 12:30:40.544 [vert.x-eventloop-thread-1] INFO  i.h.Main: Incoming data request: {"symbol":"BTCUSD:Bitfinex","indicator":"OHLCV","period":3600,"startTime":1427043600,"endTime":1430931600,"options":{}}
2015-04-21 12:30:44.479 [vert.x-eventloop-thread-1] INFO  i.h.Main: Incoming data request: {"symbol":"BTCUSD:Bitfinex","indicator":"OHLCV","period":3600,"startTime":1426197600,"endTime":1429437600,"options":{}}
2015-04-21 12:30:44.536 [vert.x-eventloop-thread-1] INFO  i.h.Main: Incoming data request: {"symbol":"BTCUSD:Bitfinex","indicator":"OHLCV","period":3600,"startTime":1424901600,"endTime":1428141600,"options":{}}
2015-04-21 12:30:44.578 [vert.x-eventloop-thread-1] INFO  i.h.Main: Incoming data request: {"symbol":"BTCUSD:Bitfinex","indicator":"OHLCV","period":3600,"startTime":1423882800,"endTime":1427122800,"options":{}}
2015-04-21 12:30:44.628 [vert.x-eventloop-thread-1] INFO  i.h.Main: Incoming data request: {"symbol":"BTCUSD:Bitfinex","indicator":"OHLCV","period":3600,"startTime":1423076400,"endTime":1426316400,"options":{}}
2015-04-21 12:30:44.692 [vert.x-eventloop-thread-1] INFO  i.h.Main: Incoming data request: {"symbol":"BTCUSD:Bitfinex","indicator":"OHLCV","period":3600,"startTime":1422298800,"endTime":1425538800,"options":{}}
2015-04-21 12:30:44.793 [vert.x-eventloop-thread-1] INFO  i.h.Main: Incoming data request: {"symbol":"BTCUSD:Bitfinex","indicator":"OHLCV","period":3600,"startTime":1421553600,"endTime":1424793600,"options":{}}
2015-04-21 12:32:04.173 [vert.x-eventloop-thread-1] INFO  i.h.Main: Incoming data request: {"symbol":"BTCUSD:Bitfinex","indicator":"OHLCV","period":3600,"startTime":1427043600,"endTime":1430931600,"options":{}}
2015-04-21 12:32:04.176 [vert.x-eventloop-thread-1] INFO  i.h.Main: Incoming data request: {"symbol":"BTCUSD:Bitfinex","indicator":"SMA","period":3600,"startTime":1427043600,"endTime":1430931600,"options":{"period":9}}
2015-04-21 12:32:06.643 [vert.x-eventloop-thread-1] INFO  i.h.Main: Incoming data request: {"symbol":"BTCUSD:Bitfinex","indicator":"OHLCV","period":3600,"startTime":1426345200,"endTime":1429585200,"options":{}}
2015-04-21 12:32:06.647 [vert.x-eventloop-thread-1] INFO  i.h.Main: Incoming data request: {"symbol":"BTCUSD:Bitfinex","indicator":"SMA","period":3600,"startTime":1426345200,"endTime":1429585200,"options":{"period":9}}
2015-04-21 12:32:06.711 [vert.x-eventloop-thread-1] INFO  i.h.Main: Incoming data request: {"symbol":"BTCUSD:Bitfinex","indicator":"OHLCV","period":3600,"startTime":1425686400,"endTime":1428926400,"options":{}}
2015-04-21 12:32:06.717 [vert.x-eventloop-thread-1] INFO  i.h.Main: Incoming data request: {"symbol":"BTCUSD:Bitfinex","indicator":"SMA","period":3600,"startTime":1425686400,"endTime":1428926400,"options":{"period":9}}
2015-04-21 12:32:06.794 [vert.x-eventloop-thread-1] INFO  i.h.Main: Incoming data request: {"symbol":"BTCUSD:Bitfinex","indicator":"OHLCV","period":3600,"startTime":1425006000,"endTime":1428246000,"options":{}}
2015-04-21 12:32:06.803 [vert.x-eventloop-thread-1] INFO  i.h.Main: Incoming data request: {"symbol":"BTCUSD:Bitfinex","indicator":"SMA","period":3600,"startTime":1425006000,"endTime":1428246000,"options":{"period":9}}
2015-04-21 12:32:06.944 [vert.x-eventloop-thread-1] INFO  i.h.Main: Incoming data request: {"symbol":"BTCUSD:Bitfinex","indicator":"OHLCV","period":3600,"startTime":1424329200,"endTime":1427569200,"options":{}}
2015-04-21 12:32:06.958 [vert.x-eventloop-thread-1] INFO  i.h.Main: Incoming data request: {"symbol":"BTCUSD:Bitfinex","indicator":"SMA","period":3600,"startTime":1424329200,"endTime":1427569200,"options":{"period":9}}
2015-04-21 12:32:26.604 [vert.x-eventloop-thread-1] INFO  i.h.Main: Incoming data request: {"symbol":"BTCUSD:Bitfinex","indicator":"OHLCV","period":3600,"startTime":1427043600,"endTime":1430931600,"options":{}}
2015-04-21 12:32:26.606 [vert.x-eventloop-thread-1] INFO  i.h.Main: Incoming data request: {"symbol":"BTCUSD:Bitfinex","indicator":"SMA","period":3600,"startTime":1427043600,"endTime":1430931600,"options":{"period":9}}
2015-04-21 12:32:26.608 [vert.x-eventloop-thread-1] INFO  i.h.Main: Incoming data request: {"symbol":"BTCUSD:Bitfinex","indicator":"EMA","period":3600,"startTime":1427043600,"endTime":1430931600,"options":{"period":9}}
2015-04-21 12:32:28.227 [vert.x-eventloop-thread-1] INFO  i.h.Main: Incoming data request: {"symbol":"BTCUSD:Bitfinex","indicator":"OHLCV","period":3600,"startTime":1426356000,"endTime":1429596000,"options":{}}
2015-04-21 12:32:28.229 [vert.x-eventloop-thread-1] INFO  i.h.Main: Incoming data request: {"symbol":"BTCUSD:Bitfinex","indicator":"SMA","period":3600,"startTime":1426356000,"endTime":1429596000,"options":{"period":9}}
2015-04-21 12:32:28.230 [vert.x-eventloop-thread-1] INFO  i.h.Main: Incoming data request: {"symbol":"BTCUSD:Bitfinex","indicator":"EMA","period":3600,"startTime":1426356000,"endTime":1429596000,"options":{"period":9}}
2015-04-21 12:32:28.509 [vert.x-eventloop-thread-1] INFO  i.h.Main: Incoming data request: {"symbol":"BTCUSD:Bitfinex","indicator":"OHLCV","period":3600,"startTime":1425693600,"endTime":1428933600,"options":{}}
2015-04-21 12:32:28.515 [vert.x-eventloop-thread-1] INFO  i.h.Main: Incoming data request: {"symbol":"BTCUSD:Bitfinex","indicator":"SMA","period":3600,"startTime":1425693600,"endTime":1428933600,"options":{"period":9}}
2015-04-21 12:32:28.518 [vert.x-eventloop-thread-1] INFO  i.h.Main: Incoming data request: {"symbol":"BTCUSD:Bitfinex","indicator":"EMA","period":3600,"startTime":1425693600,"endTime":1428933600,"options":{"period":9}}
2015-04-21 12:32:28.919 [vert.x-eventloop-thread-1] INFO  i.h.Main: Incoming data request: {"symbol":"BTCUSD:Bitfinex","indicator":"OHLCV","period":3600,"startTime":1424998800,"endTime":1428238800,"options":{}}
2015-04-21 12:32:28.929 [vert.x-eventloop-thread-1] INFO  i.h.Main: Incoming data request: {"symbol":"BTCUSD:Bitfinex","indicator":"SMA","period":3600,"startTime":1424998800,"endTime":1428238800,"options":{"period":9}}
2015-04-21 12:32:28.933 [vert.x-eventloop-thread-1] INFO  i.h.Main: Incoming data request: {"symbol":"BTCUSD:Bitfinex","indicator":"EMA","period":3600,"startTime":1424998800,"endTime":1428238800,"options":{"period":9}}
2015-04-21 12:32:46.290 [vert.x-eventloop-thread-1] INFO  i.h.Main: Incoming data request: {"symbol":"BTCUSD:Bitfinex","indicator":"OHLCV","period":3600,"startTime":1427043600,"endTime":1430931600,"options":{}}
2015-04-21 12:32:46.292 [vert.x-eventloop-thread-1] INFO  i.h.Main: Incoming data request: {"symbol":"BTCUSD:Bitfinex","indicator":"SMA","period":3600,"startTime":1427043600,"endTime":1430931600,"options":{"period":9}}
2015-04-21 12:32:46.294 [vert.x-eventloop-thread-1] INFO  i.h.Main: Incoming data request: {"symbol":"BTCUSD:Bitfinex","indicator":"EMA","period":3600,"startTime":1427043600,"endTime":1430931600,"options":{"period":26}}
2015-04-21 12:32:46.830 [vert.x-eventloop-thread-1] INFO  i.h.Main: Incoming data request: {"symbol":"BTCUSD:Bitfinex","indicator":"OHLCV","period":3600,"startTime":1426273200,"endTime":1429513200,"options":{}}
2015-04-21 12:32:46.833 [vert.x-eventloop-thread-1] INFO  i.h.Main: Incoming data request: {"symbol":"BTCUSD:Bitfinex","indicator":"SMA","period":3600,"startTime":1426273200,"endTime":1429513200,"options":{"period":9}}
2015-04-21 12:32:46.834 [vert.x-eventloop-thread-1] INFO  i.h.Main: Incoming data request: {"symbol":"BTCUSD:Bitfinex","indicator":"EMA","period":3600,"startTime":1426273200,"endTime":1429513200,"options":{"period":26}}
2015-04-21 12:32:46.895 [vert.x-eventloop-thread-1] INFO  i.h.Main: Incoming data request: {"symbol":"BTCUSD:Bitfinex","indicator":"OHLCV","period":3600,"startTime":1425610800,"endTime":1428850800,"options":{}}
2015-04-21 12:32:46.900 [vert.x-eventloop-thread-1] INFO  i.h.Main: Incoming data request: {"symbol":"BTCUSD:Bitfinex","indicator":"SMA","period":3600,"startTime":1425610800,"endTime":1428850800,"options":{"period":9}}
2015-04-21 12:32:46.904 [vert.x-eventloop-thread-1] INFO  i.h.Main: Incoming data request: {"symbol":"BTCUSD:Bitfinex","indicator":"EMA","period":3600,"startTime":1425610800,"endTime":1428850800,"options":{"period":26}}
2015-04-21 12:32:46.979 [vert.x-eventloop-thread-1] INFO  i.h.Main: Incoming data request: {"symbol":"BTCUSD:Bitfinex","indicator":"OHLCV","period":3600,"startTime":1424926800,"endTime":1428166800,"options":{}}
2015-04-21 12:32:46.988 [vert.x-eventloop-thread-1] INFO  i.h.Main: Incoming data request: {"symbol":"BTCUSD:Bitfinex","indicator":"SMA","period":3600,"startTime":1424926800,"endTime":1428166800,"options":{"period":9}}
2015-04-21 12:32:46.992 [vert.x-eventloop-thread-1] INFO  i.h.Main: Incoming data request: {"symbol":"BTCUSD:Bitfinex","indicator":"EMA","period":3600,"startTime":1424926800,"endTime":1428166800,"options":{"period":26}}
2015-04-21 12:32:47.128 [vert.x-eventloop-thread-1] INFO  i.h.Main: Incoming data request: {"symbol":"BTCUSD:Bitfinex","indicator":"OHLCV","period":3600,"startTime":1424250000,"endTime":1427490000,"options":{}}
2015-04-21 12:32:47.139 [vert.x-eventloop-thread-1] INFO  i.h.Main: Incoming data request: {"symbol":"BTCUSD:Bitfinex","indicator":"SMA","period":3600,"startTime":1424250000,"endTime":1427490000,"options":{"period":9}}
2015-04-21 12:32:47.142 [vert.x-eventloop-thread-1] INFO  i.h.Main: Incoming data request: {"symbol":"BTCUSD:Bitfinex","indicator":"EMA","period":3600,"startTime":1424250000,"endTime":1427490000,"options":{"period":26}}
2015-04-21 12:33:16.168 [vert.x-eventloop-thread-1] INFO  i.h.Main: Incoming data request: {"symbol":"BTCUSD:Bitfinex","indicator":"OHLCV","period":3600,"startTime":1427043600,"endTime":1430931600,"options":{}}
2015-04-21 12:33:16.170 [vert.x-eventloop-thread-1] INFO  i.h.Main: Incoming data request: {"symbol":"BTCUSD:Bitfinex","indicator":"SMA","period":3600,"startTime":1427043600,"endTime":1430931600,"options":{"period":9}}
2015-04-21 12:33:16.171 [vert.x-eventloop-thread-1] INFO  i.h.Main: Incoming data request: {"symbol":"BTCUSD:Bitfinex","indicator":"EMA","period":3600,"startTime":1427043600,"endTime":1430931600,"options":{"period":26}}
2015-04-21 12:33:16.172 [vert.x-eventloop-thread-1] INFO  i.h.Main: Incoming data request: {"symbol":"BTCUSD:Bitfinex","indicator":"LinearReg","period":3600,"startTime":1427043600,"endTime":1430931600,"options":{"period":14}}
2015-04-21 12:33:17.441 [vert.x-eventloop-thread-1] INFO  i.h.Main: Incoming data request: {"symbol":"BTCUSD:Bitfinex","indicator":"OHLCV","period":3600,"startTime":1426338000,"endTime":1429578000,"options":{}}
2015-04-21 12:33:17.442 [vert.x-eventloop-thread-1] INFO  i.h.Main: Incoming data request: {"symbol":"BTCUSD:Bitfinex","indicator":"SMA","period":3600,"startTime":1426338000,"endTime":1429578000,"options":{"period":9}}
2015-04-21 12:33:17.443 [vert.x-eventloop-thread-1] INFO  i.h.Main: Incoming data request: {"symbol":"BTCUSD:Bitfinex","indicator":"EMA","period":3600,"startTime":1426338000,"endTime":1429578000,"options":{"period":26}}
2015-04-21 12:33:17.445 [vert.x-eventloop-thread-1] INFO  i.h.Main: Incoming data request: {"symbol":"BTCUSD:Bitfinex","indicator":"LinearReg","period":3600,"startTime":1426338000,"endTime":1429578000,"options":{"period":14}}
2015-04-21 12:33:17.774 [vert.x-eventloop-thread-1] INFO  i.h.Main: Incoming data request: {"symbol":"BTCUSD:Bitfinex","indicator":"OHLCV","period":3600,"startTime":1425682800,"endTime":1428922800,"options":{}}
2015-04-21 12:33:17.778 [vert.x-eventloop-thread-1] INFO  i.h.Main: Incoming data request: {"symbol":"BTCUSD:Bitfinex","indicator":"SMA","period":3600,"startTime":1425682800,"endTime":1428922800,"options":{"period":9}}
2015-04-21 12:33:17.782 [vert.x-eventloop-thread-1] INFO  i.h.Main: Incoming data request: {"symbol":"BTCUSD:Bitfinex","indicator":"EMA","period":3600,"startTime":1425682800,"endTime":1428922800,"options":{"period":26}}
2015-04-21 12:33:17.784 [vert.x-eventloop-thread-1] INFO  i.h.Main: Incoming data request: {"symbol":"BTCUSD:Bitfinex","indicator":"LinearReg","period":3600,"startTime":1425682800,"endTime":1428922800,"options":{"period":14}}
2015-04-21 12:33:18.052 [vert.x-eventloop-thread-1] INFO  i.h.Main: Incoming data request: {"symbol":"BTCUSD:Bitfinex","indicator":"OHLCV","period":3600,"startTime":1424919600,"endTime":1428159600,"options":{}}
2015-04-21 12:33:18.058 [vert.x-eventloop-thread-1] INFO  i.h.Main: Incoming data request: {"symbol":"BTCUSD:Bitfinex","indicator":"SMA","period":3600,"startTime":1424919600,"endTime":1428159600,"options":{"period":9}}
2015-04-21 12:33:18.061 [vert.x-eventloop-thread-1] INFO  i.h.Main: Incoming data request: {"symbol":"BTCUSD:Bitfinex","indicator":"EMA","period":3600,"startTime":1424919600,"endTime":1428159600,"options":{"period":26}}
2015-04-21 12:33:18.064 [vert.x-eventloop-thread-1] INFO  i.h.Main: Incoming data request: {"symbol":"BTCUSD:Bitfinex","indicator":"LinearReg","period":3600,"startTime":1424919600,"endTime":1428159600,"options":{"period":14}}
2015-04-21 12:33:18.134 [vert.x-eventloop-thread-1] INFO  i.h.Main: Incoming data request: {"symbol":"BTCUSD:Bitfinex","indicator":"OHLCV","period":3600,"startTime":1424156400,"endTime":1427396400,"options":{}}
2015-04-21 12:33:18.143 [vert.x-eventloop-thread-1] INFO  i.h.Main: Incoming data request: {"symbol":"BTCUSD:Bitfinex","indicator":"SMA","period":3600,"startTime":1424156400,"endTime":1427396400,"options":{"period":9}}
2015-04-21 12:33:18.148 [vert.x-eventloop-thread-1] INFO  i.h.Main: Incoming data request: {"symbol":"BTCUSD:Bitfinex","indicator":"EMA","period":3600,"startTime":1424156400,"endTime":1427396400,"options":{"period":26}}
2015-04-21 12:33:18.152 [vert.x-eventloop-thread-1] INFO  i.h.Main: Incoming data request: {"symbol":"BTCUSD:Bitfinex","indicator":"LinearReg","period":3600,"startTime":1424156400,"endTime":1427396400,"options":{"period":14}}
2015-04-21 12:33:43.594 [vert.x-eventloop-thread-1] INFO  i.h.Main: Incoming data request: {"symbol":"BTCUSD:Bitfinex","indicator":"OHLCV","period":3600,"startTime":1427043600,"endTime":1430931600,"options":{}}
2015-04-21 12:33:43.595 [vert.x-eventloop-thread-1] INFO  i.h.Main: Incoming data request: {"symbol":"BTCUSD:Bitfinex","indicator":"SMA","period":3600,"startTime":1427043600,"endTime":1430931600,"options":{"period":9}}
2015-04-21 12:33:43.597 [vert.x-eventloop-thread-1] INFO  i.h.Main: Incoming data request: {"symbol":"BTCUSD:Bitfinex","indicator":"EMA","period":3600,"startTime":1427043600,"endTime":1430931600,"options":{"period":26}}
2015-04-21 12:33:43.598 [vert.x-eventloop-thread-1] INFO  i.h.Main: Incoming data request: {"symbol":"BTCUSD:Bitfinex","indicator":"LinearReg","period":3600,"startTime":1427043600,"endTime":1430931600,"options":{"period":14}}
2015-04-21 12:33:44.623 [vert.x-eventloop-thread-1] INFO  i.h.Main: Incoming data request: {"symbol":"BTCUSD:Bitfinex","indicator":"OHLCV","period":3600,"startTime":1426158000,"endTime":1429398000,"options":{}}
2015-04-21 12:33:44.625 [vert.x-eventloop-thread-1] INFO  i.h.Main: Incoming data request: {"symbol":"BTCUSD:Bitfinex","indicator":"SMA","period":3600,"startTime":1426158000,"endTime":1429398000,"options":{"period":9}}
2015-04-21 12:33:44.626 [vert.x-eventloop-thread-1] INFO  i.h.Main: Incoming data request: {"symbol":"BTCUSD:Bitfinex","indicator":"EMA","period":3600,"startTime":1426158000,"endTime":1429398000,"options":{"period":26}}
2015-04-21 12:33:44.627 [vert.x-eventloop-thread-1] INFO  i.h.Main: Incoming data request: {"symbol":"BTCUSD:Bitfinex","indicator":"LinearReg","period":3600,"startTime":1426158000,"endTime":1429398000,"options":{"period":14}}
2015-04-21 12:33:44.742 [vert.x-eventloop-thread-1] INFO  i.h.Main: Incoming data request: {"symbol":"BTCUSD:Bitfinex","indicator":"OHLCV","period":3600,"startTime":1425484800,"endTime":1428724800,"options":{}}
2015-04-21 12:33:44.747 [vert.x-eventloop-thread-1] INFO  i.h.Main: Incoming data request: {"symbol":"BTCUSD:Bitfinex","indicator":"SMA","period":3600,"startTime":1425484800,"endTime":1428724800,"options":{"period":9}}
2015-04-21 12:33:44.749 [vert.x-eventloop-thread-1] INFO  i.h.Main: Incoming data request: {"symbol":"BTCUSD:Bitfinex","indicator":"EMA","period":3600,"startTime":1425484800,"endTime":1428724800,"options":{"period":26}}
2015-04-21 12:33:44.751 [vert.x-eventloop-thread-1] INFO  i.h.Main: Incoming data request: {"symbol":"BTCUSD:Bitfinex","indicator":"LinearReg","period":3600,"startTime":1425484800,"endTime":1428724800,"options":{"period":14}}
2015-04-21 12:33:45.227 [vert.x-eventloop-thread-1] INFO  i.h.Main: Incoming data request: {"symbol":"BTCUSD:Bitfinex","indicator":"OHLCV","period":3600,"startTime":1424826000,"endTime":1428066000,"options":{}}
2015-04-21 12:33:45.234 [vert.x-eventloop-thread-1] INFO  i.h.Main: Incoming data request: {"symbol":"BTCUSD:Bitfinex","indicator":"SMA","period":3600,"startTime":1424826000,"endTime":1428066000,"options":{"period":9}}
2015-04-21 12:33:45.237 [vert.x-eventloop-thread-1] INFO  i.h.Main: Incoming data request: {"symbol":"BTCUSD:Bitfinex","indicator":"EMA","period":3600,"startTime":1424826000,"endTime":1428066000,"options":{"period":26}}
2015-04-21 12:33:45.241 [vert.x-eventloop-thread-1] INFO  i.h.Main: Incoming data request: {"symbol":"BTCUSD:Bitfinex","indicator":"LinearReg","period":3600,"startTime":1424826000,"endTime":1428066000,"options":{"period":14}}
2015-04-21 12:33:55.208 [vert.x-eventloop-thread-1] INFO  i.h.Main: Incoming data request: {"symbol":"BTCUSD:Bitfinex","indicator":"OHLCV","period":3600,"startTime":1427043600,"endTime":1430931600,"options":{}}
2015-04-21 12:33:55.209 [vert.x-eventloop-thread-1] INFO  i.h.Main: Incoming data request: {"symbol":"BTCUSD:Bitfinex","indicator":"SMA","period":3600,"startTime":1427043600,"endTime":1430931600,"options":{"period":9}}
2015-04-21 12:33:55.210 [vert.x-eventloop-thread-1] INFO  i.h.Main: Incoming data request: {"symbol":"BTCUSD:Bitfinex","indicator":"EMA","period":3600,"startTime":1427043600,"endTime":1430931600,"options":{"period":26}}
2015-04-21 12:33:55.211 [vert.x-eventloop-thread-1] INFO  i.h.Main: Incoming data request: {"symbol":"BTCUSD:Bitfinex","indicator":"LinearReg","period":3600,"startTime":1427043600,"endTime":1430931600,"options":{"period":14}}
2015-04-21 12:33:56.452 [vert.x-eventloop-thread-1] INFO  i.h.Main: Incoming data request: {"symbol":"BTCUSD:Bitfinex","indicator":"OHLCV","period":3600,"startTime":1426348800,"endTime":1429588800,"options":{}}
2015-04-21 12:33:56.454 [vert.x-eventloop-thread-1] INFO  i.h.Main: Incoming data request: {"symbol":"BTCUSD:Bitfinex","indicator":"SMA","period":3600,"startTime":1426348800,"endTime":1429588800,"options":{"period":9}}
2015-04-21 12:33:56.455 [vert.x-eventloop-thread-1] INFO  i.h.Main: Incoming data request: {"symbol":"BTCUSD:Bitfinex","indicator":"EMA","period":3600,"startTime":1426348800,"endTime":1429588800,"options":{"period":26}}
2015-04-21 12:33:56.456 [vert.x-eventloop-thread-1] INFO  i.h.Main: Incoming data request: {"symbol":"BTCUSD:Bitfinex","indicator":"LinearReg","period":3600,"startTime":1426348800,"endTime":1429588800,"options":{"period":14}}
2015-04-21 12:33:56.736 [vert.x-eventloop-thread-1] INFO  i.h.Main: Incoming data request: {"symbol":"BTCUSD:Bitfinex","indicator":"OHLCV","period":3600,"startTime":1425697200,"endTime":1428937200,"options":{}}
2015-04-21 12:33:56.739 [vert.x-eventloop-thread-1] INFO  i.h.Main: Incoming data request: {"symbol":"BTCUSD:Bitfinex","indicator":"SMA","period":3600,"startTime":1425697200,"endTime":1428937200,"options":{"period":9}}
2015-04-21 12:33:56.742 [vert.x-eventloop-thread-1] INFO  i.h.Main: Incoming data request: {"symbol":"BTCUSD:Bitfinex","indicator":"EMA","period":3600,"startTime":1425697200,"endTime":1428937200,"options":{"period":26}}
2015-04-21 12:33:56.744 [vert.x-eventloop-thread-1] INFO  i.h.Main: Incoming data request: {"symbol":"BTCUSD:Bitfinex","indicator":"LinearReg","period":3600,"startTime":1425697200,"endTime":1428937200,"options":{"period":14}}
2015-04-21 12:33:57.031 [vert.x-eventloop-thread-1] INFO  i.h.Main: Incoming data request: {"symbol":"BTCUSD:Bitfinex","indicator":"OHLCV","period":3600,"startTime":1424894400,"endTime":1428134400,"options":{}}
2015-04-21 12:33:57.038 [vert.x-eventloop-thread-1] INFO  i.h.Main: Incoming data request: {"symbol":"BTCUSD:Bitfinex","indicator":"SMA","period":3600,"startTime":1424894400,"endTime":1428134400,"options":{"period":9}}
2015-04-21 12:33:57.040 [vert.x-eventloop-thread-1] INFO  i.h.Main: Incoming data request: {"symbol":"BTCUSD:Bitfinex","indicator":"EMA","period":3600,"startTime":1424894400,"endTime":1428134400,"options":{"period":26}}
2015-04-21 12:33:57.043 [vert.x-eventloop-thread-1] INFO  i.h.Main: Incoming data request: {"symbol":"BTCUSD:Bitfinex","indicator":"LinearReg","period":3600,"startTime":1424894400,"endTime":1428134400,"options":{"period":14}}
2015-04-21 12:33:57.094 [vert.x-eventloop-thread-1] INFO  i.h.Main: Incoming data request: {"symbol":"BTCUSD:Bitfinex","indicator":"OHLCV","period":3600,"startTime":1424228400,"endTime":1427468400,"options":{}}
2015-04-21 12:33:57.103 [vert.x-eventloop-thread-1] INFO  i.h.Main: Incoming data request: {"symbol":"BTCUSD:Bitfinex","indicator":"SMA","period":3600,"startTime":1424228400,"endTime":1427468400,"options":{"period":9}}
2015-04-21 12:33:57.106 [vert.x-eventloop-thread-1] INFO  i.h.Main: Incoming data request: {"symbol":"BTCUSD:Bitfinex","indicator":"EMA","period":3600,"startTime":1424228400,"endTime":1427468400,"options":{"period":26}}
2015-04-21 12:33:57.110 [vert.x-eventloop-thread-1] INFO  i.h.Main: Incoming data request: {"symbol":"BTCUSD:Bitfinex","indicator":"LinearReg","period":3600,"startTime":1424228400,"endTime":1427468400,"options":{"period":14}}
2015-04-21 12:33:57.172 [vert.x-eventloop-thread-1] INFO  i.h.Main: Incoming data request: {"symbol":"BTCUSD:Bitfinex","indicator":"OHLCV","period":3600,"startTime":1423548000,"endTime":1426788000,"options":{}}
2015-04-21 12:33:57.182 [vert.x-eventloop-thread-1] INFO  i.h.Main: Incoming data request: {"symbol":"BTCUSD:Bitfinex","indicator":"SMA","period":3600,"startTime":1423548000,"endTime":1426788000,"options":{"period":9}}
2015-04-21 12:33:57.186 [vert.x-eventloop-thread-1] INFO  i.h.Main: Incoming data request: {"symbol":"BTCUSD:Bitfinex","indicator":"EMA","period":3600,"startTime":1423548000,"endTime":1426788000,"options":{"period":26}}
2015-04-21 12:33:57.189 [vert.x-eventloop-thread-1] INFO  i.h.Main: Incoming data request: {"symbol":"BTCUSD:Bitfinex","indicator":"LinearReg","period":3600,"startTime":1423548000,"endTime":1426788000,"options":{"period":14}}
2015-04-21 12:33:57.322 [vert.x-eventloop-thread-1] INFO  i.h.Main: Incoming data request: {"symbol":"BTCUSD:Bitfinex","indicator":"OHLCV","period":3600,"startTime":1422882000,"endTime":1426122000,"options":{}}
2015-04-21 12:33:57.331 [vert.x-eventloop-thread-1] INFO  i.h.Main: Incoming data request: {"symbol":"BTCUSD:Bitfinex","indicator":"SMA","period":3600,"startTime":1422882000,"endTime":1426122000,"options":{"period":9}}
2015-04-21 12:33:57.335 [vert.x-eventloop-thread-1] INFO  i.h.Main: Incoming data request: {"symbol":"BTCUSD:Bitfinex","indicator":"EMA","period":3600,"startTime":1422882000,"endTime":1426122000,"options":{"period":26}}
2015-04-21 12:33:57.338 [vert.x-eventloop-thread-1] INFO  i.h.Main: Incoming data request: {"symbol":"BTCUSD:Bitfinex","indicator":"LinearReg","period":3600,"startTime":1422882000,"endTime":1426122000,"options":{"period":14}}
2015-04-21 12:34:11.621 [vert.x-eventloop-thread-1] INFO  i.h.Main: Incoming data request: {"symbol":"BTCUSD:Bitfinex","indicator":"OHLCV","period":3600,"startTime":1427043600,"endTime":1430931600,"options":{}}
2015-04-21 12:34:11.622 [vert.x-eventloop-thread-1] INFO  i.h.Main: Incoming data request: {"symbol":"BTCUSD:Bitfinex","indicator":"SMA","period":3600,"startTime":1427043600,"endTime":1430931600,"options":{"period":9}}
2015-04-21 12:34:11.624 [vert.x-eventloop-thread-1] INFO  i.h.Main: Incoming data request: {"symbol":"BTCUSD:Bitfinex","indicator":"EMA","period":3600,"startTime":1427043600,"endTime":1430931600,"options":{"period":26}}
2015-04-21 12:34:11.625 [vert.x-eventloop-thread-1] INFO  i.h.Main: Incoming data request: {"symbol":"BTCUSD:Bitfinex","indicator":"LinearReg","period":3600,"startTime":1427043600,"endTime":1430931600,"options":{"period":14}}
2015-04-21 12:34:11.686 [vert.x-eventloop-thread-1] INFO  i.h.Main: Incoming data request: {"symbol":"BTCUSD:Bitfinex","indicator":"RSI","period":3600,"startTime":1427043600,"endTime":1430931600,"options":{"period":14}}
2015-04-21 12:34:12.630 [vert.x-eventloop-thread-1] INFO  i.h.Main: Incoming data request: {"symbol":"BTCUSD:Bitfinex","indicator":"OHLCV","period":3600,"startTime":1426356000,"endTime":1429596000,"options":{}}
2015-04-21 12:34:12.633 [vert.x-eventloop-thread-1] INFO  i.h.Main: Incoming data request: {"symbol":"BTCUSD:Bitfinex","indicator":"SMA","period":3600,"startTime":1426356000,"endTime":1429596000,"options":{"period":9}}
2015-04-21 12:34:12.634 [vert.x-eventloop-thread-1] INFO  i.h.Main: Incoming data request: {"symbol":"BTCUSD:Bitfinex","indicator":"EMA","period":3600,"startTime":1426356000,"endTime":1429596000,"options":{"period":26}}
2015-04-21 12:34:12.634 [vert.x-eventloop-thread-1] INFO  i.h.Main: Incoming data request: {"symbol":"BTCUSD:Bitfinex","indicator":"LinearReg","period":3600,"startTime":1426356000,"endTime":1429596000,"options":{"period":14}}
2015-04-21 12:34:12.635 [vert.x-eventloop-thread-1] INFO  i.h.Main: Incoming data request: {"symbol":"BTCUSD:Bitfinex","indicator":"RSI","period":3600,"startTime":1426356000,"endTime":1429596000,"options":{"period":14}}
2015-04-21 12:34:12.981 [vert.x-eventloop-thread-1] INFO  i.h.Main: Incoming data request: {"symbol":"BTCUSD:Bitfinex","indicator":"OHLCV","period":3600,"startTime":1425704400,"endTime":1428944400,"options":{}}
2015-04-21 12:34:12.984 [vert.x-eventloop-thread-1] INFO  i.h.Main: Incoming data request: {"symbol":"BTCUSD:Bitfinex","indicator":"SMA","period":3600,"startTime":1425704400,"endTime":1428944400,"options":{"period":9}}
2015-04-21 12:34:12.987 [vert.x-eventloop-thread-1] INFO  i.h.Main: Incoming data request: {"symbol":"BTCUSD:Bitfinex","indicator":"EMA","period":3600,"startTime":1425704400,"endTime":1428944400,"options":{"period":26}}
2015-04-21 12:34:12.988 [vert.x-eventloop-thread-1] INFO  i.h.Main: Incoming data request: {"symbol":"BTCUSD:Bitfinex","indicator":"LinearReg","period":3600,"startTime":1425704400,"endTime":1428944400,"options":{"period":14}}
2015-04-21 12:34:12.990 [vert.x-eventloop-thread-1] INFO  i.h.Main: Incoming data request: {"symbol":"BTCUSD:Bitfinex","indicator":"RSI","period":3600,"startTime":1425704400,"endTime":1428944400,"options":{"period":14}}
2015-04-21 12:34:13.224 [vert.x-eventloop-thread-1] INFO  i.h.Main: Incoming data request: {"symbol":"BTCUSD:Bitfinex","indicator":"OHLCV","period":3600,"startTime":1424962800,"endTime":1428202800,"options":{}}
2015-04-21 12:34:13.231 [vert.x-eventloop-thread-1] INFO  i.h.Main: Incoming data request: {"symbol":"BTCUSD:Bitfinex","indicator":"SMA","period":3600,"startTime":1424962800,"endTime":1428202800,"options":{"period":9}}
2015-04-21 12:34:13.233 [vert.x-eventloop-thread-1] INFO  i.h.Main: Incoming data request: {"symbol":"BTCUSD:Bitfinex","indicator":"EMA","period":3600,"startTime":1424962800,"endTime":1428202800,"options":{"period":26}}
2015-04-21 12:34:13.236 [vert.x-eventloop-thread-1] INFO  i.h.Main: Incoming data request: {"symbol":"BTCUSD:Bitfinex","indicator":"LinearReg","period":3600,"startTime":1424962800,"endTime":1428202800,"options":{"period":14}}
2015-04-21 12:34:13.238 [vert.x-eventloop-thread-1] INFO  i.h.Main: Incoming data request: {"symbol":"BTCUSD:Bitfinex","indicator":"RSI","period":3600,"startTime":1424962800,"endTime":1428202800,"options":{"period":14}}
2015-04-21 12:34:13.314 [vert.x-eventloop-thread-1] INFO  i.h.Main: Incoming data request: {"symbol":"BTCUSD:Bitfinex","indicator":"OHLCV","period":3600,"startTime":1424206800,"endTime":1427446800,"options":{}}
2015-04-21 12:34:13.322 [vert.x-eventloop-thread-1] INFO  i.h.Main: Incoming data request: {"symbol":"BTCUSD:Bitfinex","indicator":"SMA","period":3600,"startTime":1424206800,"endTime":1427446800,"options":{"period":9}}
2015-04-21 12:34:13.325 [vert.x-eventloop-thread-1] INFO  i.h.Main: Incoming data request: {"symbol":"BTCUSD:Bitfinex","indicator":"EMA","period":3600,"startTime":1424206800,"endTime":1427446800,"options":{"period":26}}
2015-04-21 12:34:13.329 [vert.x-eventloop-thread-1] INFO  i.h.Main: Incoming data request: {"symbol":"BTCUSD:Bitfinex","indicator":"LinearReg","period":3600,"startTime":1424206800,"endTime":1427446800,"options":{"period":14}}
2015-04-21 12:34:13.332 [vert.x-eventloop-thread-1] INFO  i.h.Main: Incoming data request: {"symbol":"BTCUSD:Bitfinex","indicator":"RSI","period":3600,"startTime":1424206800,"endTime":1427446800,"options":{"period":14}}
2015-04-21 12:34:18.248 [vert.x-eventloop-thread-1] INFO  i.h.Main: Incoming data request: {"symbol":"BTCUSD:Bitfinex","indicator":"OHLCV","period":3600,"startTime":1423551600,"endTime":1426791600,"options":{}}
2015-04-21 12:34:18.257 [vert.x-eventloop-thread-1] INFO  i.h.Main: Incoming data request: {"symbol":"BTCUSD:Bitfinex","indicator":"SMA","period":3600,"startTime":1423551600,"endTime":1426791600,"options":{"period":9}}
2015-04-21 12:34:18.260 [vert.x-eventloop-thread-1] INFO  i.h.Main: Incoming data request: {"symbol":"BTCUSD:Bitfinex","indicator":"EMA","period":3600,"startTime":1423551600,"endTime":1426791600,"options":{"period":26}}
2015-04-21 12:34:18.264 [vert.x-eventloop-thread-1] INFO  i.h.Main: Incoming data request: {"symbol":"BTCUSD:Bitfinex","indicator":"LinearReg","period":3600,"startTime":1423551600,"endTime":1426791600,"options":{"period":14}}
2015-04-21 12:34:18.375 [vert.x-eventloop-thread-1] INFO  i.h.Main: Incoming data request: {"symbol":"BTCUSD:Bitfinex","indicator":"RSI","period":3600,"startTime":1423551600,"endTime":1426791600,"options":{"period":14}}
2015-04-21 12:35:11.429 [vert.x-eventloop-thread-1] INFO  i.h.Main: Incoming data request: {"symbol":"BTCUSD:Bitfinex","indicator":"OHLCV","period":3600,"startTime":1427043600,"endTime":1430931600,"options":{}}
2015-04-21 12:35:11.430 [vert.x-eventloop-thread-1] INFO  i.h.Main: Incoming data request: {"symbol":"BTCUSD:Bitfinex","indicator":"SMA","period":3600,"startTime":1427043600,"endTime":1430931600,"options":{"period":9}}
2015-04-21 12:35:11.431 [vert.x-eventloop-thread-1] INFO  i.h.Main: Incoming data request: {"symbol":"BTCUSD:Bitfinex","indicator":"EMA","period":3600,"startTime":1427043600,"endTime":1430931600,"options":{"period":26}}
2015-04-21 12:35:11.432 [vert.x-eventloop-thread-1] INFO  i.h.Main: Incoming data request: {"symbol":"BTCUSD:Bitfinex","indicator":"LinearReg","period":3600,"startTime":1427043600,"endTime":1430931600,"options":{"period":14}}
2015-04-21 12:35:11.497 [vert.x-eventloop-thread-1] INFO  i.h.Main: Incoming data request: {"symbol":"BTCUSD:Bitfinex","indicator":"RSI","period":3600,"startTime":1427043600,"endTime":1430931600,"options":{"period":14}}
2015-04-21 12:35:12.027 [vert.x-eventloop-thread-1] INFO  i.h.Main: Incoming data request: {"symbol":"BTCUSD:Bitfinex","indicator":"OHLCV","period":3600,"startTime":1426276800,"endTime":1429516800,"options":{}}
2015-04-21 12:35:12.029 [vert.x-eventloop-thread-1] INFO  i.h.Main: Incoming data request: {"symbol":"BTCUSD:Bitfinex","indicator":"SMA","period":3600,"startTime":1426276800,"endTime":1429516800,"options":{"period":9}}
2015-04-21 12:35:12.029 [vert.x-eventloop-thread-1] INFO  i.h.Main: Incoming data request: {"symbol":"BTCUSD:Bitfinex","indicator":"EMA","period":3600,"startTime":1426276800,"endTime":1429516800,"options":{"period":26}}
2015-04-21 12:35:12.030 [vert.x-eventloop-thread-1] INFO  i.h.Main: Incoming data request: {"symbol":"BTCUSD:Bitfinex","indicator":"LinearReg","period":3600,"startTime":1426276800,"endTime":1429516800,"options":{"period":14}}
2015-04-21 12:35:12.031 [vert.x-eventloop-thread-1] INFO  i.h.Main: Incoming data request: {"symbol":"BTCUSD:Bitfinex","indicator":"RSI","period":3600,"startTime":1426276800,"endTime":1429516800,"options":{"period":14}}
2015-04-21 12:35:12.178 [vert.x-eventloop-thread-1] INFO  i.h.Main: Incoming data request: {"symbol":"BTCUSD:Bitfinex","indicator":"OHLCV","period":3600,"startTime":1425625200,"endTime":1428865200,"options":{}}
2015-04-21 12:35:12.181 [vert.x-eventloop-thread-1] INFO  i.h.Main: Incoming data request: {"symbol":"BTCUSD:Bitfinex","indicator":"SMA","period":3600,"startTime":1425625200,"endTime":1428865200,"options":{"period":9}}
2015-04-21 12:35:12.184 [vert.x-eventloop-thread-1] INFO  i.h.Main: Incoming data request: {"symbol":"BTCUSD:Bitfinex","indicator":"EMA","period":3600,"startTime":1425625200,"endTime":1428865200,"options":{"period":26}}
2015-04-21 12:35:12.185 [vert.x-eventloop-thread-1] INFO  i.h.Main: Incoming data request: {"symbol":"BTCUSD:Bitfinex","indicator":"LinearReg","period":3600,"startTime":1425625200,"endTime":1428865200,"options":{"period":14}}
2015-04-21 12:35:12.187 [vert.x-eventloop-thread-1] INFO  i.h.Main: Incoming data request: {"symbol":"BTCUSD:Bitfinex","indicator":"RSI","period":3600,"startTime":1425625200,"endTime":1428865200,"options":{"period":14}}
2015-04-21 12:35:12.983 [vert.x-eventloop-thread-1] INFO  i.h.Main: Incoming data request: {"symbol":"BTCUSD:Bitfinex","indicator":"OHLCV","period":3600,"startTime":1424937600,"endTime":1428177600,"options":{}}
2015-04-21 12:35:12.988 [vert.x-eventloop-thread-1] INFO  i.h.Main: Incoming data request: {"symbol":"BTCUSD:Bitfinex","indicator":"SMA","period":3600,"startTime":1424937600,"endTime":1428177600,"options":{"period":9}}
2015-04-21 12:35:12.991 [vert.x-eventloop-thread-1] INFO  i.h.Main: Incoming data request: {"symbol":"BTCUSD:Bitfinex","indicator":"EMA","period":3600,"startTime":1424937600,"endTime":1428177600,"options":{"period":26}}
2015-04-21 12:35:12.993 [vert.x-eventloop-thread-1] INFO  i.h.Main: Incoming data request: {"symbol":"BTCUSD:Bitfinex","indicator":"LinearReg","period":3600,"startTime":1424937600,"endTime":1428177600,"options":{"period":14}}
2015-04-21 12:35:12.995 [vert.x-eventloop-thread-1] INFO  i.h.Main: Incoming data request: {"symbol":"BTCUSD:Bitfinex","indicator":"RSI","period":3600,"startTime":1424937600,"endTime":1428177600,"options":{"period":14}}
2015-04-21 12:35:13.865 [vert.x-eventloop-thread-1] INFO  i.h.Main: Incoming data request: {"symbol":"BTCUSD:Bitfinex","indicator":"OHLCV","period":3600,"startTime":1424250000,"endTime":1427598000,"options":{}}
2015-04-21 12:35:13.872 [vert.x-eventloop-thread-1] INFO  i.h.Main: Incoming data request: {"symbol":"BTCUSD:Bitfinex","indicator":"SMA","period":3600,"startTime":1424250000,"endTime":1427598000,"options":{"period":9}}
2015-04-21 12:35:13.875 [vert.x-eventloop-thread-1] INFO  i.h.Main: Incoming data request: {"symbol":"BTCUSD:Bitfinex","indicator":"EMA","period":3600,"startTime":1424250000,"endTime":1427598000,"options":{"period":26}}
2015-04-21 12:35:13.878 [vert.x-eventloop-thread-1] INFO  i.h.Main: Incoming data request: {"symbol":"BTCUSD:Bitfinex","indicator":"LinearReg","period":3600,"startTime":1424250000,"endTime":1427598000,"options":{"period":14}}
2015-04-21 12:35:13.882 [vert.x-eventloop-thread-1] INFO  i.h.Main: Incoming data request: {"symbol":"BTCUSD:Bitfinex","indicator":"RSI","period":3600,"startTime":1424250000,"endTime":1427598000,"options":{"period":14}}
2015-04-21 12:35:16.999 [vert.x-eventloop-thread-1] INFO  i.h.Main: Incoming data request: {"symbol":"BTCUSD:Bitfinex","indicator":"OHLCV","period":3600,"startTime":1422964800,"endTime":1429070400,"options":{}}
2015-04-21 12:35:17.009 [vert.x-eventloop-thread-1] INFO  i.h.Main: Incoming data request: {"symbol":"BTCUSD:Bitfinex","indicator":"SMA","period":3600,"startTime":1422964800,"endTime":1429070400,"options":{"period":9}}
2015-04-21 12:35:17.014 [vert.x-eventloop-thread-1] INFO  i.h.Main: Incoming data request: {"symbol":"BTCUSD:Bitfinex","indicator":"EMA","period":3600,"startTime":1422964800,"endTime":1429070400,"options":{"period":26}}
2015-04-21 12:35:17.018 [vert.x-eventloop-thread-1] INFO  i.h.Main: Incoming data request: {"symbol":"BTCUSD:Bitfinex","indicator":"LinearReg","period":3600,"startTime":1422964800,"endTime":1429070400,"options":{"period":14}}
2015-04-21 12:35:17.023 [vert.x-eventloop-thread-1] INFO  i.h.Main: Incoming data request: {"symbol":"BTCUSD:Bitfinex","indicator":"RSI","period":3600,"startTime":1422964800,"endTime":1429070400,"options":{"period":14}}
2015-04-21 12:35:17.850 [vert.x-eventloop-thread-1] INFO  i.h.Main: Incoming data request: {"symbol":"BTCUSD:Bitfinex","indicator":"OHLCV","period":3600,"startTime":1421089200,"endTime":1430323200,"options":{}}
2015-04-21 12:35:17.865 [vert.x-eventloop-thread-1] INFO  i.h.Main: Incoming data request: {"symbol":"BTCUSD:Bitfinex","indicator":"SMA","period":3600,"startTime":1421089200,"endTime":1430323200,"options":{"period":9}}
2015-04-21 12:35:17.872 [vert.x-eventloop-thread-1] INFO  i.h.Main: Incoming data request: {"symbol":"BTCUSD:Bitfinex","indicator":"EMA","period":3600,"startTime":1421089200,"endTime":1430323200,"options":{"period":26}}
2015-04-21 12:35:17.878 [vert.x-eventloop-thread-1] INFO  i.h.Main: Incoming data request: {"symbol":"BTCUSD:Bitfinex","indicator":"LinearReg","period":3600,"startTime":1421089200,"endTime":1430323200,"options":{"period":14}}
2015-04-21 12:35:17.885 [vert.x-eventloop-thread-1] INFO  i.h.Main: Incoming data request: {"symbol":"BTCUSD:Bitfinex","indicator":"RSI","period":3600,"startTime":1421089200,"endTime":1430323200,"options":{"period":14}}
2015-04-21 12:35:18.050 [vert.x-eventloop-thread-1] INFO  i.h.Main: Incoming data request: {"symbol":"BTCUSD:Bitfinex","indicator":"OHLCV","period":3600,"startTime":1422320400,"endTime":1433088000,"options":{}}
2015-04-21 12:35:18.062 [vert.x-eventloop-thread-1] INFO  i.h.Main: Incoming data request: {"symbol":"BTCUSD:Bitfinex","indicator":"SMA","period":3600,"startTime":1422320400,"endTime":1433088000,"options":{"period":9}}
2015-04-21 12:35:18.068 [vert.x-eventloop-thread-1] INFO  i.h.Main: Incoming data request: {"symbol":"BTCUSD:Bitfinex","indicator":"EMA","period":3600,"startTime":1422320400,"endTime":1433088000,"options":{"period":26}}
2015-04-21 12:35:18.073 [vert.x-eventloop-thread-1] INFO  i.h.Main: Incoming data request: {"symbol":"BTCUSD:Bitfinex","indicator":"LinearReg","period":3600,"startTime":1422320400,"endTime":1433088000,"options":{"period":14}}
2015-04-21 12:35:18.078 [vert.x-eventloop-thread-1] INFO  i.h.Main: Incoming data request: {"symbol":"BTCUSD:Bitfinex","indicator":"RSI","period":3600,"startTime":1422320400,"endTime":1433088000,"options":{"period":14}}
2015-04-21 12:35:19.916 [vert.x-eventloop-thread-1] INFO  i.h.Main: Incoming data request: {"symbol":"BTCUSD:Bitfinex","indicator":"OHLCV","period":3600,"startTime":1418634000,"endTime":1430409600,"options":{}}
2015-04-21 12:35:19.936 [vert.x-eventloop-thread-1] INFO  i.h.Main: Incoming data request: {"symbol":"BTCUSD:Bitfinex","indicator":"SMA","period":3600,"startTime":1418634000,"endTime":1430409600,"options":{"period":9}}
2015-04-21 12:35:19.945 [vert.x-eventloop-thread-1] INFO  i.h.Main: Incoming data request: {"symbol":"BTCUSD:Bitfinex","indicator":"EMA","period":3600,"startTime":1418634000,"endTime":1430409600,"options":{"period":26}}
2015-04-21 12:35:19.955 [vert.x-eventloop-thread-1] INFO  i.h.Main: Incoming data request: {"symbol":"BTCUSD:Bitfinex","indicator":"LinearReg","period":3600,"startTime":1418634000,"endTime":1430409600,"options":{"period":14}}
2015-04-21 12:35:19.965 [vert.x-eventloop-thread-1] INFO  i.h.Main: Incoming data request: {"symbol":"BTCUSD:Bitfinex","indicator":"RSI","period":3600,"startTime":1418634000,"endTime":1430409600,"options":{"period":14}}
2015-04-21 12:35:20.144 [vert.x-eventloop-thread-1] INFO  i.h.Main: Incoming data request: {"symbol":"BTCUSD:Bitfinex","indicator":"OHLCV","period":3600,"startTime":1416175200,"endTime":1427950800,"options":{}}
2015-04-21 12:35:20.171 [vert.x-eventloop-thread-1] INFO  i.h.Main: Incoming data request: {"symbol":"BTCUSD:Bitfinex","indicator":"SMA","period":3600,"startTime":1416175200,"endTime":1427950800,"options":{"period":9}}
2015-04-21 12:35:20.183 [vert.x-eventloop-thread-1] INFO  i.h.Main: Incoming data request: {"symbol":"BTCUSD:Bitfinex","indicator":"EMA","period":3600,"startTime":1416175200,"endTime":1427950800,"options":{"period":26}}
2015-04-21 12:35:20.195 [vert.x-eventloop-thread-1] INFO  i.h.Main: Incoming data request: {"symbol":"BTCUSD:Bitfinex","indicator":"LinearReg","period":3600,"startTime":1416175200,"endTime":1427950800,"options":{"period":14}}
2015-04-21 12:35:20.208 [vert.x-eventloop-thread-1] INFO  i.h.Main: Incoming data request: {"symbol":"BTCUSD:Bitfinex","indicator":"RSI","period":3600,"startTime":1416175200,"endTime":1427950800,"options":{"period":14}}
2015-04-21 12:35:20.566 [vert.x-eventloop-thread-1] INFO  i.h.Main: Incoming data request: {"symbol":"BTCUSD:Bitfinex","indicator":"OHLCV","period":3600,"startTime":1413619200,"endTime":1425394800,"options":{}}
2015-04-21 12:35:20.594 [vert.x-eventloop-thread-1] INFO  i.h.Main: Incoming data request: {"symbol":"BTCUSD:Bitfinex","indicator":"SMA","period":3600,"startTime":1413619200,"endTime":1425394800,"options":{"period":9}}
2015-04-21 12:35:20.608 [vert.x-eventloop-thread-1] INFO  i.h.Main: Incoming data request: {"symbol":"BTCUSD:Bitfinex","indicator":"EMA","period":3600,"startTime":1413619200,"endTime":1425394800,"options":{"period":26}}
2015-04-21 12:35:20.621 [vert.x-eventloop-thread-1] INFO  i.h.Main: Incoming data request: {"symbol":"BTCUSD:Bitfinex","indicator":"LinearReg","period":3600,"startTime":1413619200,"endTime":1425394800,"options":{"period":14}}
2015-04-21 12:35:20.636 [vert.x-eventloop-thread-1] INFO  i.h.Main: Incoming data request: {"symbol":"BTCUSD:Bitfinex","indicator":"RSI","period":3600,"startTime":1413619200,"endTime":1425394800,"options":{"period":14}}
2015-04-21 12:35:20.724 [vert.x-eventloop-thread-1] INFO  i.h.Main: Incoming data request: {"symbol":"BTCUSD:Bitfinex","indicator":"OHLCV","period":3600,"startTime":1410076800,"endTime":1421852400,"options":{}}
2015-04-21 12:35:20.753 [vert.x-eventloop-thread-1] INFO  i.h.Main: Incoming data request: {"symbol":"BTCUSD:Bitfinex","indicator":"SMA","period":3600,"startTime":1410076800,"endTime":1421852400,"options":{"period":9}}
2015-04-21 12:35:20.766 [vert.x-eventloop-thread-1] INFO  i.h.Main: Incoming data request: {"symbol":"BTCUSD:Bitfinex","indicator":"EMA","period":3600,"startTime":1410076800,"endTime":1421852400,"options":{"period":26}}
2015-04-21 12:35:20.779 [vert.x-eventloop-thread-1] INFO  i.h.Main: Incoming data request: {"symbol":"BTCUSD:Bitfinex","indicator":"LinearReg","period":3600,"startTime":1410076800,"endTime":1421852400,"options":{"period":14}}
2015-04-21 12:35:20.792 [vert.x-eventloop-thread-1] INFO  i.h.Main: Incoming data request: {"symbol":"BTCUSD:Bitfinex","indicator":"RSI","period":3600,"startTime":1410076800,"endTime":1421852400,"options":{"period":14}}
2015-04-21 12:35:20.848 [vert.x-eventloop-thread-1] INFO  i.h.Main: Incoming data request: {"symbol":"BTCUSD:Bitfinex","indicator":"OHLCV","period":3600,"startTime":1407330000,"endTime":1419105600,"options":{}}
2015-04-21 12:35:21.008 [vert.x-eventloop-thread-1] INFO  i.h.Main: Incoming data request: {"symbol":"BTCUSD:Bitfinex","indicator":"SMA","period":3600,"startTime":1407330000,"endTime":1419105600,"options":{"period":9}}
2015-04-21 12:35:21.021 [vert.x-eventloop-thread-1] INFO  i.h.Main: Incoming data request: {"symbol":"BTCUSD:Bitfinex","indicator":"EMA","period":3600,"startTime":1407330000,"endTime":1419105600,"options":{"period":26}}
2015-04-21 12:35:21.035 [vert.x-eventloop-thread-1] INFO  i.h.Main: Incoming data request: {"symbol":"BTCUSD:Bitfinex","indicator":"LinearReg","period":3600,"startTime":1407330000,"endTime":1419105600,"options":{"period":14}}
2015-04-21 12:35:21.049 [vert.x-eventloop-thread-1] INFO  i.h.Main: Incoming data request: {"symbol":"BTCUSD:Bitfinex","indicator":"RSI","period":3600,"startTime":1407330000,"endTime":1419105600,"options":{"period":14}}
2015-04-21 12:35:21.237 [vert.x-eventloop-thread-1] INFO  i.h.Main: Incoming data request: {"symbol":"BTCUSD:Bitfinex","indicator":"OHLCV","period":3600,"startTime":1404936000,"endTime":1416711600,"options":{}}
2015-04-21 12:35:21.264 [vert.x-eventloop-thread-1] INFO  i.h.Main: Incoming data request: {"symbol":"BTCUSD:Bitfinex","indicator":"SMA","period":3600,"startTime":1404936000,"endTime":1416711600,"options":{"period":9}}
2015-04-21 12:35:21.277 [vert.x-eventloop-thread-1] INFO  i.h.Main: Incoming data request: {"symbol":"BTCUSD:Bitfinex","indicator":"EMA","period":3600,"startTime":1404936000,"endTime":1416711600,"options":{"period":26}}
2015-04-21 12:35:21.290 [vert.x-eventloop-thread-1] INFO  i.h.Main: Incoming data request: {"symbol":"BTCUSD:Bitfinex","indicator":"LinearReg","period":3600,"startTime":1404936000,"endTime":1416711600,"options":{"period":14}}
2015-04-21 12:35:21.309 [vert.x-eventloop-thread-1] INFO  i.h.Main: Incoming data request: {"symbol":"BTCUSD:Bitfinex","indicator":"RSI","period":3600,"startTime":1404936000,"endTime":1416711600,"options":{"period":14}}
2015-04-21 12:35:21.817 [vert.x-eventloop-thread-1] INFO  i.h.Main: Incoming data request: {"symbol":"BTCUSD:Bitfinex","indicator":"OHLCV","period":3600,"startTime":1401584400,"endTime":1413360000,"options":{}}
2015-04-21 12:35:21.845 [vert.x-eventloop-thread-1] INFO  i.h.Main: Incoming data request: {"symbol":"BTCUSD:Bitfinex","indicator":"SMA","period":3600,"startTime":1401584400,"endTime":1413360000,"options":{"period":9}}
2015-04-21 12:35:21.858 [vert.x-eventloop-thread-1] INFO  i.h.Main: Incoming data request: {"symbol":"BTCUSD:Bitfinex","indicator":"EMA","period":3600,"startTime":1401584400,"endTime":1413360000,"options":{"period":26}}
2015-04-21 12:35:21.871 [vert.x-eventloop-thread-1] INFO  i.h.Main: Incoming data request: {"symbol":"BTCUSD:Bitfinex","indicator":"LinearReg","period":3600,"startTime":1401584400,"endTime":1413360000,"options":{"period":14}}
2015-04-21 12:35:21.885 [vert.x-eventloop-thread-1] INFO  i.h.Main: Incoming data request: {"symbol":"BTCUSD:Bitfinex","indicator":"RSI","period":3600,"startTime":1401584400,"endTime":1413360000,"options":{"period":14}}
2015-04-21 12:35:21.974 [vert.x-eventloop-thread-1] INFO  i.h.Main: Incoming data request: {"symbol":"BTCUSD:Bitfinex","indicator":"OHLCV","period":3600,"startTime":1399219200,"endTime":1410994800,"options":{}}
2015-04-21 12:35:22.002 [vert.x-eventloop-thread-1] INFO  i.h.Main: Incoming data request: {"symbol":"BTCUSD:Bitfinex","indicator":"SMA","period":3600,"startTime":1399219200,"endTime":1410994800,"options":{"period":9}}
2015-04-21 12:35:22.014 [vert.x-eventloop-thread-1] INFO  i.h.Main: Incoming data request: {"symbol":"BTCUSD:Bitfinex","indicator":"EMA","period":3600,"startTime":1399219200,"endTime":1410994800,"options":{"period":26}}
2015-04-21 12:35:22.027 [vert.x-eventloop-thread-1] INFO  i.h.Main: Incoming data request: {"symbol":"BTCUSD:Bitfinex","indicator":"LinearReg","period":3600,"startTime":1399219200,"endTime":1410994800,"options":{"period":14}}
2015-04-21 12:35:22.041 [vert.x-eventloop-thread-1] INFO  i.h.Main: Incoming data request: {"symbol":"BTCUSD:Bitfinex","indicator":"RSI","period":3600,"startTime":1399219200,"endTime":1410994800,"options":{"period":14}}
2015-04-21 12:35:22.285 [vert.x-eventloop-thread-1] INFO  i.h.Main: Incoming data request: {"symbol":"BTCUSD:Bitfinex","indicator":"OHLCV","period":3600,"startTime":1396800000,"endTime":1408575600,"options":{}}
2015-04-21 12:35:22.313 [vert.x-eventloop-thread-1] INFO  i.h.Main: Incoming data request: {"symbol":"BTCUSD:Bitfinex","indicator":"SMA","period":3600,"startTime":1396800000,"endTime":1408575600,"options":{"period":9}}
2015-04-21 12:35:22.326 [vert.x-eventloop-thread-1] INFO  i.h.Main: Incoming data request: {"symbol":"BTCUSD:Bitfinex","indicator":"EMA","period":3600,"startTime":1396800000,"endTime":1408575600,"options":{"period":26}}
2015-04-21 12:35:22.339 [vert.x-eventloop-thread-1] INFO  i.h.Main: Incoming data request: {"symbol":"BTCUSD:Bitfinex","indicator":"LinearReg","period":3600,"startTime":1396800000,"endTime":1408575600,"options":{"period":14}}
2015-04-21 12:35:22.352 [vert.x-eventloop-thread-1] INFO  i.h.Main: Incoming data request: {"symbol":"BTCUSD:Bitfinex","indicator":"RSI","period":3600,"startTime":1396800000,"endTime":1408575600,"options":{"period":14}}
2015-04-21 12:35:22.737 [vert.x-eventloop-thread-1] INFO  i.h.Main: Incoming data request: {"symbol":"BTCUSD:Bitfinex","indicator":"OHLCV","period":3600,"startTime":1393866000,"endTime":1405641600,"options":{}}
2015-04-21 12:35:22.764 [vert.x-eventloop-thread-1] INFO  i.h.Main: Incoming data request: {"symbol":"BTCUSD:Bitfinex","indicator":"SMA","period":3600,"startTime":1393866000,"endTime":1405641600,"options":{"period":9}}
2015-04-21 12:35:22.777 [vert.x-eventloop-thread-1] INFO  i.h.Main: Incoming data request: {"symbol":"BTCUSD:Bitfinex","indicator":"EMA","period":3600,"startTime":1393866000,"endTime":1405641600,"options":{"period":26}}
2015-04-21 12:35:22.791 [vert.x-eventloop-thread-1] INFO  i.h.Main: Incoming data request: {"symbol":"BTCUSD:Bitfinex","indicator":"LinearReg","period":3600,"startTime":1393866000,"endTime":1405641600,"options":{"period":14}}
2015-04-21 12:35:22.805 [vert.x-eventloop-thread-1] INFO  i.h.Main: Incoming data request: {"symbol":"BTCUSD:Bitfinex","indicator":"RSI","period":3600,"startTime":1393866000,"endTime":1405641600,"options":{"period":14}}
2015-04-21 12:35:22.895 [vert.x-eventloop-thread-1] INFO  i.h.Main: Incoming data request: {"symbol":"BTCUSD:Bitfinex","indicator":"OHLCV","period":3600,"startTime":1389942000,"endTime":1401717600,"options":{}}
2015-04-21 12:35:22.929 [vert.x-eventloop-thread-1] INFO  i.h.Main: Incoming data request: {"symbol":"BTCUSD:Bitfinex","indicator":"SMA","period":3600,"startTime":1389942000,"endTime":1401717600,"options":{"period":9}}
2015-04-21 12:35:22.942 [vert.x-eventloop-thread-1] INFO  i.h.Main: Incoming data request: {"symbol":"BTCUSD:Bitfinex","indicator":"EMA","period":3600,"startTime":1389942000,"endTime":1401717600,"options":{"period":26}}
2015-04-21 12:35:23.058 [vert.x-eventloop-thread-1] INFO  i.h.Main: Incoming data request: {"symbol":"BTCUSD:Bitfinex","indicator":"LinearReg","period":3600,"startTime":1389942000,"endTime":1401717600,"options":{"period":14}}
2015-04-21 12:35:23.071 [vert.x-eventloop-thread-1] INFO  i.h.Main: Incoming data request: {"symbol":"BTCUSD:Bitfinex","indicator":"RSI","period":3600,"startTime":1389942000,"endTime":1401717600,"options":{"period":14}}
2015-04-21 12:35:23.091 [vert.x-eventloop-thread-1] INFO  i.h.Main: Incoming data request: {"symbol":"BTCUSD:Bitfinex","indicator":"OHLCV","period":3600,"startTime":1387432800,"endTime":1399208400,"options":{}}
2015-04-21 12:35:23.116 [vert.x-eventloop-thread-1] INFO  i.h.Main: Incoming data request: {"symbol":"BTCUSD:Bitfinex","indicator":"SMA","period":3600,"startTime":1387432800,"endTime":1399208400,"options":{"period":9}}
2015-04-21 12:35:23.130 [vert.x-eventloop-thread-1] INFO  i.h.Main: Incoming data request: {"symbol":"BTCUSD:Bitfinex","indicator":"EMA","period":3600,"startTime":1387432800,"endTime":1399208400,"options":{"period":26}}
2015-04-21 12:35:23.144 [vert.x-eventloop-thread-1] INFO  i.h.Main: Incoming data request: {"symbol":"BTCUSD:Bitfinex","indicator":"LinearReg","period":3600,"startTime":1387432800,"endTime":1399208400,"options":{"period":14}}
2015-04-21 12:35:23.157 [vert.x-eventloop-thread-1] INFO  i.h.Main: Incoming data request: {"symbol":"BTCUSD:Bitfinex","indicator":"RSI","period":3600,"startTime":1387432800,"endTime":1399208400,"options":{"period":14}}
2015-04-21 12:35:23.338 [vert.x-eventloop-thread-1] INFO  i.h.Main: Incoming data request: {"symbol":"BTCUSD:Bitfinex","indicator":"OHLCV","period":3600,"startTime":1384941600,"endTime":1396717200,"options":{}}
2015-04-21 12:35:23.367 [vert.x-eventloop-thread-1] INFO  i.h.Main: Incoming data request: {"symbol":"BTCUSD:Bitfinex","indicator":"SMA","period":3600,"startTime":1384941600,"endTime":1396717200,"options":{"period":9}}
2015-04-21 12:35:23.380 [vert.x-eventloop-thread-1] INFO  i.h.Main: Incoming data request: {"symbol":"BTCUSD:Bitfinex","indicator":"EMA","period":3600,"startTime":1384941600,"endTime":1396717200,"options":{"period":26}}
2015-04-21 12:35:23.394 [vert.x-eventloop-thread-1] INFO  i.h.Main: Incoming data request: {"symbol":"BTCUSD:Bitfinex","indicator":"LinearReg","period":3600,"startTime":1384941600,"endTime":1396717200,"options":{"period":14}}
2015-04-21 12:35:23.409 [vert.x-eventloop-thread-1] INFO  i.h.Main: Incoming data request: {"symbol":"BTCUSD:Bitfinex","indicator":"RSI","period":3600,"startTime":1384941600,"endTime":1396717200,"options":{"period":14}}
2015-04-21 12:35:24.057 [vert.x-eventloop-thread-1] INFO  i.h.Main: Incoming data request: {"symbol":"BTCUSD:Bitfinex","indicator":"OHLCV","period":3600,"startTime":1382551200,"endTime":1394326800,"options":{}}
2015-04-21 12:35:24.084 [vert.x-eventloop-thread-1] INFO  i.h.Main: Incoming data request: {"symbol":"BTCUSD:Bitfinex","indicator":"SMA","period":3600,"startTime":1382551200,"endTime":1394326800,"options":{"period":9}}
2015-04-21 12:35:24.097 [vert.x-eventloop-thread-1] INFO  i.h.Main: Incoming data request: {"symbol":"BTCUSD:Bitfinex","indicator":"EMA","period":3600,"startTime":1382551200,"endTime":1394326800,"options":{"period":26}}
2015-04-21 12:35:24.111 [vert.x-eventloop-thread-1] INFO  i.h.Main: Incoming data request: {"symbol":"BTCUSD:Bitfinex","indicator":"LinearReg","period":3600,"startTime":1382551200,"endTime":1394326800,"options":{"period":14}}
2015-04-21 12:35:24.128 [vert.x-eventloop-thread-1] INFO  i.h.Main: Incoming data request: {"symbol":"BTCUSD:Bitfinex","indicator":"RSI","period":3600,"startTime":1382551200,"endTime":1394326800,"options":{"period":14}}
2015-04-21 12:35:24.475 [vert.x-eventloop-thread-1] INFO  i.h.Main: Incoming data request: {"symbol":"BTCUSD:Bitfinex","indicator":"OHLCV","period":3600,"startTime":1378501200,"endTime":1390276800,"options":{}}
2015-04-21 12:35:24.503 [vert.x-eventloop-thread-1] INFO  i.h.Main: Incoming data request: {"symbol":"BTCUSD:Bitfinex","indicator":"SMA","period":3600,"startTime":1378501200,"endTime":1390276800,"options":{"period":9}}
2015-04-21 12:35:24.515 [vert.x-eventloop-thread-1] INFO  i.h.Main: Incoming data request: {"symbol":"BTCUSD:Bitfinex","indicator":"EMA","period":3600,"startTime":1378501200,"endTime":1390276800,"options":{"period":26}}
2015-04-21 12:35:24.528 [vert.x-eventloop-thread-1] INFO  i.h.Main: Incoming data request: {"symbol":"BTCUSD:Bitfinex","indicator":"LinearReg","period":3600,"startTime":1378501200,"endTime":1390276800,"options":{"period":14}}
2015-04-21 12:35:24.542 [vert.x-eventloop-thread-1] INFO  i.h.Main: Incoming data request: {"symbol":"BTCUSD:Bitfinex","indicator":"RSI","period":3600,"startTime":1378501200,"endTime":1390276800,"options":{"period":14}}
2015-04-21 12:35:24.742 [vert.x-eventloop-thread-1] INFO  i.h.Main: Incoming data request: {"symbol":"BTCUSD:Bitfinex","indicator":"OHLCV","period":3600,"startTime":1375660800,"endTime":1387436400,"options":{}}
2015-04-21 12:35:24.769 [vert.x-eventloop-thread-1] INFO  i.h.Main: Incoming data request: {"symbol":"BTCUSD:Bitfinex","indicator":"SMA","period":3600,"startTime":1375660800,"endTime":1387436400,"options":{"period":9}}
2015-04-21 12:35:24.781 [vert.x-eventloop-thread-1] INFO  i.h.Main: Incoming data request: {"symbol":"BTCUSD:Bitfinex","indicator":"EMA","period":3600,"startTime":1375660800,"endTime":1387436400,"options":{"period":26}}
2015-04-21 12:35:24.794 [vert.x-eventloop-thread-1] INFO  i.h.Main: Incoming data request: {"symbol":"BTCUSD:Bitfinex","indicator":"LinearReg","period":3600,"startTime":1375660800,"endTime":1387436400,"options":{"period":14}}
2015-04-21 12:35:24.807 [vert.x-eventloop-thread-1] INFO  i.h.Main: Incoming data request: {"symbol":"BTCUSD:Bitfinex","indicator":"RSI","period":3600,"startTime":1375660800,"endTime":1387436400,"options":{"period":14}}
2015-04-21 12:35:25.431 [vert.x-eventloop-thread-1] INFO  i.h.Main: Incoming data request: {"symbol":"BTCUSD:Bitfinex","indicator":"OHLCV","period":3600,"startTime":1372860000,"endTime":1384635600,"options":{}}
2015-04-21 12:35:25.457 [vert.x-eventloop-thread-1] INFO  i.h.Main: Incoming data request: {"symbol":"BTCUSD:Bitfinex","indicator":"SMA","period":3600,"startTime":1372860000,"endTime":1384635600,"options":{"period":9}}
