0 info it worked if it ends with ok
1 verbose cli [ 'node', '/usr/local/bin/npm', 'install' ]
2 info using npm@1.4.3
3 info using node@v0.10.26
4 warn package.json hbar@0.0.0 No README data
5 verbose readDependencies using package.json deps
6 verbose install where, deps [ '/Users/mlucarz/Documents/projects/java/crypto-strats/webroot',
6 verbose install   [ 'jquery',
6 verbose install     'jquery-ui',
6 verbose install     'pixi.js',
6 verbose install     'bytebuffer',
6 verbose install     'protobufjs',
6 verbose install     'sockjs-client',
6 verbose install     'vinyl-source-stream',
6 verbose install     'gulp',
6 verbose install     'browserify',
6 verbose install     'babelify' ] ]
7 info preinstall hbar@0.0.0
8 verbose readDependencies using package.json deps
9 verbose already installed skipping bytebuffer@^3.5.4 /Users/mlucarz/Documents/projects/java/crypto-strats/webroot
10 verbose already installed skipping protobufjs@^4.0.0-b2 /Users/mlucarz/Documents/projects/java/crypto-strats/webroot
11 verbose already installed skipping sockjs-client@^1.0.0 /Users/mlucarz/Documents/projects/java/crypto-strats/webroot
12 verbose already installed skipping vinyl-source-stream@^1.1.0 /Users/mlucarz/Documents/projects/java/crypto-strats/webroot
13 verbose already installed skipping gulp@^3.8.11 /Users/mlucarz/Documents/projects/java/crypto-strats/webroot
14 verbose already installed skipping browserify@^10.2.1 /Users/mlucarz/Documents/projects/java/crypto-strats/webroot
15 verbose already installed skipping babelify@^6.1.1 /Users/mlucarz/Documents/projects/java/crypto-strats/webroot
16 verbose already installed skipping jquery@^2.1.4 /Users/mlucarz/Documents/projects/java/crypto-strats/webroot
17 verbose cache add [ 'jquery-ui@^1.11.4', null ]
18 verbose cache add name=undefined spec="jquery-ui@^1.11.4" args=["jquery-ui@^1.11.4",null]
19 verbose parsed url { protocol: null,
19 verbose parsed url   slashes: null,
19 verbose parsed url   auth: null,
19 verbose parsed url   host: null,
19 verbose parsed url   port: null,
19 verbose parsed url   hostname: null,
19 verbose parsed url   hash: null,
19 verbose parsed url   search: null,
19 verbose parsed url   query: null,
19 verbose parsed url   pathname: 'jquery-ui@^1.11.4',
19 verbose parsed url   path: 'jquery-ui@^1.11.4',
19 verbose parsed url   href: 'jquery-ui@^1.11.4' }
20 verbose cache add name="jquery-ui" spec="^1.11.4" args=["jquery-ui","^1.11.4"]
21 verbose parsed url { protocol: null,
21 verbose parsed url   slashes: null,
21 verbose parsed url   auth: null,
21 verbose parsed url   host: null,
21 verbose parsed url   port: null,
21 verbose parsed url   hostname: null,
21 verbose parsed url   hash: null,
21 verbose parsed url   search: null,
21 verbose parsed url   query: null,
21 verbose parsed url   pathname: '^1.11.4',
21 verbose parsed url   path: '^1.11.4',
21 verbose parsed url   href: '^1.11.4' }
22 verbose addNamed [ 'jquery-ui', '^1.11.4' ]
23 verbose addNamed [ null, '>=1.11.4-0 <2.0.0-0' ]
24 verbose already installed skipping pixi.js@^3.0.6 /Users/mlucarz/Documents/projects/java/crypto-strats/webroot
25 silly lockFile 0e53a609-jquery-ui-1-11-4 jquery-ui@^1.11.4
26 verbose lock jquery-ui@^1.11.4 /Users/mlucarz/.npm/0e53a609-jquery-ui-1-11-4.lock
27 silly addNameRange { name: 'jquery-ui',
27 silly addNameRange   range: '>=1.11.4-0 <2.0.0-0',
27 silly addNameRange   hasData: false }
28 verbose url raw jquery-ui
29 verbose url resolving [ 'https://registry.npmjs.org/', './jquery-ui' ]
30 verbose url resolved https://registry.npmjs.org/jquery-ui
31 info trying registry request attempt 1 at 22:25:57
32 verbose etag "16LQ6EPT42WNBDYJDM4FN4ZUN"
33 http GET https://registry.npmjs.org/jquery-ui
34 http 304 https://registry.npmjs.org/jquery-ui
35 silly registry.get cb [ 304,
35 silly registry.get   { date: 'Fri, 22 May 2015 02:25:57 GMT',
35 silly registry.get     via: '1.1 varnish',
35 silly registry.get     'cache-control': 'max-age=60',
35 silly registry.get     etag: '"16LQ6EPT42WNBDYJDM4FN4ZUN"',
35 silly registry.get     age: '0',
35 silly registry.get     connection: 'keep-alive',
35 silly registry.get     'x-served-by': 'cache-ord1729-ORD',
35 silly registry.get     'x-cache': 'MISS',
35 silly registry.get     'x-cache-hits': '0',
35 silly registry.get     'x-timer': 'S1432261557.770999,VS0,VE41',
35 silly registry.get     vary: 'Accept' } ]
36 verbose etag jquery-ui from cache
37 silly addNameRange number 2 { name: 'jquery-ui',
37 silly addNameRange   range: '>=1.11.4-0 <2.0.0-0',
37 silly addNameRange   hasData: true }
38 silly addNameRange versions [ 'jquery-ui', [ '1.10.4', '1.10.5' ] ]
39 silly lockFile 0e53a609-jquery-ui-1-11-4 jquery-ui@^1.11.4
40 silly lockFile 0e53a609-jquery-ui-1-11-4 jquery-ui@^1.11.4
41 error notarget No compatible version found: jquery-ui@'>=1.11.4-0 <2.0.0-0'
41 error notarget Valid install targets:
41 error notarget ["1.10.4","1.10.5"]
41 error notarget
41 error notarget This is most likely not a problem with npm itself.
41 error notarget In most cases you or one of your dependencies are requesting
41 error notarget a package version that doesn't exist.
42 error System Darwin 14.3.0
43 error command "node" "/usr/local/bin/npm" "install"
44 error cwd /Users/mlucarz/Documents/projects/java/crypto-strats/webroot
45 error node -v v0.10.26
46 error npm -v 1.4.3
47 error code ETARGET
48 verbose exit [ 1, true ]
